0 info it worked if it ends with ok
1 verbose cli [ '/home/paul/.nvm/versions/node/v5.10.1/bin/node',
1 verbose cli   '/home/paul/.nvm/versions/node/v5.10.1/bin/npm',
1 verbose cli   'publish' ]
2 info using npm@3.8.3
3 info using node@v5.10.1
4 verbose publish [ '.' ]
5 verbose stack Error: Failed to parse json
5 verbose stack Trailing comma in object at 17:3
5 verbose stack   },
5 verbose stack   ^
5 verbose stack     at parseError (/home/paul/.nvm/versions/node/v5.10.1/lib/node_modules/npm/node_modules/read-package-json/read-json.js:379:11)
5 verbose stack     at parseJson (/home/paul/.nvm/versions/node/v5.10.1/lib/node_modules/npm/node_modules/read-package-json/read-json.js:68:23)
5 verbose stack     at /home/paul/.nvm/versions/node/v5.10.1/lib/node_modules/npm/node_modules/read-package-json/read-json.js:48:5
5 verbose stack     at /home/paul/.nvm/versions/node/v5.10.1/lib/node_modules/npm/node_modules/graceful-fs/graceful-fs.js:78:16
5 verbose stack     at tryToString (fs.js:414:3)
5 verbose stack     at FSReqWrap.readFileAfterClose [as oncomplete] (fs.js:401:12)
6 verbose cwd /home/paul/projects/npm-modules/bunyan-buddy
7 error Linux 4.4.0-79-generic
8 error argv "/home/paul/.nvm/versions/node/v5.10.1/bin/node" "/home/paul/.nvm/versions/node/v5.10.1/bin/npm" "publish"
9 error node v5.10.1
10 error npm  v3.8.3
11 error file /home/paul/projects/npm-modules/bunyan-buddy/package.json
12 error code EJSONPARSE
13 error Failed to parse json
13 error Trailing comma in object at 17:3
13 error   },
13 error   ^
14 error File: /home/paul/projects/npm-modules/bunyan-buddy/package.json
15 error Failed to parse package.json data.
15 error package.json must be actual JSON, not just JavaScript.
15 error
15 error This is not a bug in npm.
15 error Tell the package author to fix their package.json file. JSON.parse
16 verbose exit [ 1, true ]
